********************************************************************
I/O Bank Report - Date: Tue Jan  4 12:42:32 2022
Product: Designer
Release: v2021.2
Version: 2021.2.0.11
Design Name: TOP
Family: SmartFusion2
Die: M2S010
Package: 256 VF
********************************************************************


I/O Function:

    Type                                  | w/o register  | w/ register  | w/ DDR register
    --------------------------------------|---------------|--------------|----------------
    Input I/O                             | 14            | 0            | 0
    Output I/O                            | 21            | 0            | 0
    Bidirectional I/O                     | 2             | 0            | 0
    Differential Input I/O Pairs          | 0             | 0            | 0
    Differential Output I/O Pairs         | 0             | 0            | 0

I/O Technology:

                                    |   Voltages    |             I/Os              
    --------------------------------|-------|-------|-------|--------|--------------
    I/O Standard(s)                 | Vddi  | Vref  | Input | Output | Bidirectional
    --------------------------------|-------|-------|-------|--------|--------------
    LVCMOS25                        | 2.50v | N/A   | 14    | 21     | 2            

I/O Bank Resource Usage:

          |   Voltages    | Single I/Os  | Diff I/O Pairs |        Vref I/Os        |  Type   
          |-------|-------|------|-------|-------|--------|------|-------|----------|---------
          | Vddi  | Vref  | Used | Total | Used  | Total  | Used | Total | Vref Pins|         
    ------|-------|-------|------|-------|-------|--------|------|-------|----------|---------
    Bank0 | N/A   | N/A   | 0    | 64    | 0     | 32     | N/A  | N/A   | N/A      | DDRIO   
    Bank1 | 2.50v | N/A   | 4    | 4     | 0     | 0      | N/A  | N/A   | N/A      | MSIO    
    Bank2 | 2.50v | N/A   | 19   | 24    | 0     | 12     | N/A  | N/A   | N/A      | MSIO    
    Bank3 | N/A   | N/A   | 0    | 0     | 0     | 0      | N/A  | N/A   | N/A      | JTAG    
    Bank4 | 2.50v | N/A   | 6    | 28    | 0     | 14     | N/A  | N/A   | N/A      | MSIO    
    Bank5 | N/A   | N/A   | 0    | 4     | 0     | 2      | N/A  | N/A   | N/A      | MSIOD   
    Bank6 | N/A   | N/A   | 0    | 4     | 0     | 0      | N/A  | N/A   | N/A      | MSIOD   
    Bank7 | 2.50v | N/A   | 8    | 10    | 0     | 5      | N/A  | N/A   | N/A      | MSIO    

I/O Voltage Usage:

       Voltages    |     I/Os     
    -------|-------|------|-------
     Vddi  | Vref  | Used | Total 
    -------|-------|------|-------
     2.50v | N/A   | 37   | 66    

