----------------------------------------------------------------
-Pin Report - Date: Tue May 28 16:53:50 2019 Pinchecksum: NOT-AVAILABLE
-Product: Designer
-Release: v12.1
-Version: 12.600.0.14
-Design Name: IGL2_FIR_FILTER
-Family: SmartFusion2
-Die: M2S010
-Package: 256 VF
-----------------------------------------------------------------

Port     |Pin |Fixed |Function                         |Bank     |I/O Std   |Direction                      |I/O state in Flash*Freeze mode |Resistor Pull                      |I/O available in Flash*Freeze mode |Schmitt Trigger |Odt_Static    |Odt Imp (Ohm)  |Low Power Exit |Input Delay |Slew         |Pre-Emphasis      |Output Drive (mA) |Output Load (pF) |
---------|----|------|---------------------------------|---------|----------|-------------------------------|-------------------------------|-----------------------------------|-----------------------------------|----------------|--------------|---------------|---------------|------------|-------------|------------------|------------------|-----------------|
DEVRST_N  M11  Fixed  DEVRST_N                          ---       
dout      T12  Yes    MSIO116PB4                        Bank4     LVCMOS25   Output                          TRISTATE                        None                                No                                  ---              ---            ---             ---             ---          SLOW          ---                4                  5                 
led[0]    T13  Yes    MSIO118PB4                        Bank4     LVCMOS25   Output                          TRISTATE                        None                                No                                  ---              ---            ---             ---             ---          SLOW          ---                4                  5                 
led[1]    G13  Yes    MSIO27PB1/MMUART_0_RXD/GPIO_28_B  Bank1     LVCMOS25   Output                          TRISTATE                        None                                No                                  ---              ---            ---             ---             ---          SLOW          ---                4                  5                 
pb0       K1   Yes    MSIOD101NB5                       Bank5     LVCMOS25   Input                           TRISTATE                        None                                No                                  Off              ---            ---             Off             Off          ---           ---                ---                ---               
pb1       L1   Yes    MSIOD101PB5                       Bank5     LVCMOS25   Input                           TRISTATE                        None                                No                                  Off              ---            ---             Off             Off          ---           ---                ---                ---               
RX        H13  Yes    MSIO22NB1/MMUART_1_RXD/GPIO_26_B  Bank1     LVCMOS25   Input                           TRISTATE                        None                                No                                  Off              ---            ---             Off             Off          ---           ---                ---                ---               
TX        H12  Yes    MSIO21NB1/MMUART_1_TXD/GPIO_24_B  Bank1     LVCMOS25   Output                          TRISTATE                        None                                No                                  ---              ---            ---             ---             ---          SLOW          ---                4                  5                 
